Determining if the pthread_create exist failed with the following output:
Change Dir: /home/dn-01/Escritorio/Algoritmo y Estructura de datos II/Trabajos Prácticos/TP3/TP3 REPOSITORIO/TP3/cmake-build-debug/CMakeFiles/CMakeTmp

Run Build Command:"/usr/bin/make" "cmTC_2024e/fast"
/usr/bin/make -f CMakeFiles/cmTC_2024e.dir/build.make CMakeFiles/cmTC_2024e.dir/build
make[1]: se entra en el directorio '/home/dn-01/Escritorio/Algoritmo y Estructura de datos II/Trabajos Prácticos/TP3/TP3 REPOSITORIO/TP3/cmake-build-debug/CMakeFiles/CMakeTmp'
Building C object CMakeFiles/cmTC_2024e.dir/CheckSymbolExists.c.o
/usr/bin/cc    -o CMakeFiles/cmTC_2024e.dir/CheckSymbolExists.c.o   -c "/home/dn-01/Escritorio/Algoritmo y Estructura de datos II/Trabajos Prácticos/TP3/TP3 REPOSITORIO/TP3/cmake-build-debug/CMakeFiles/CMakeTmp/CheckSymbolExists.c"
Linking C executable cmTC_2024e
/home/dn-01/Escritorio/clion/clion-2017.2.3/bin/cmake/bin/cmake -E cmake_link_script CMakeFiles/cmTC_2024e.dir/link.txt --verbose=1
/usr/bin/cc      -rdynamic CMakeFiles/cmTC_2024e.dir/CheckSymbolExists.c.o  -o cmTC_2024e 
CMakeFiles/cmTC_2024e.dir/CheckSymbolExists.c.o: En la función `main':
CheckSymbolExists.c:(.text+0x16): referencia a `pthread_create' sin definir
collect2: error: ld returned 1 exit status
CMakeFiles/cmTC_2024e.dir/build.make:97: fallo en las instrucciones para el objetivo 'cmTC_2024e'
make[1]: *** [cmTC_2024e] Error 1
make[1]: se sale del directorio '/home/dn-01/Escritorio/Algoritmo y Estructura de datos II/Trabajos Prácticos/TP3/TP3 REPOSITORIO/TP3/cmake-build-debug/CMakeFiles/CMakeTmp'
Makefile:126: fallo en las instrucciones para el objetivo 'cmTC_2024e/fast'
make: *** [cmTC_2024e/fast] Error 2

File /home/dn-01/Escritorio/Algoritmo y Estructura de datos II/Trabajos Prácticos/TP3/TP3 REPOSITORIO/TP3/cmake-build-debug/CMakeFiles/CMakeTmp/CheckSymbolExists.c:
/* */
#include <pthread.h>

int main(int argc, char** argv)
{
  (void)argv;
#ifndef pthread_create
  return ((int*)(&pthread_create))[argc];
#else
  (void)argc;
  return 0;
#endif
}

Determining if the function pthread_create exists in the pthreads failed with the following output:
Change Dir: /home/dn-01/Escritorio/Algoritmo y Estructura de datos II/Trabajos Prácticos/TP3/TP3 REPOSITORIO/TP3/cmake-build-debug/CMakeFiles/CMakeTmp

Run Build Command:"/usr/bin/make" "cmTC_9c7bb/fast"
/usr/bin/make -f CMakeFiles/cmTC_9c7bb.dir/build.make CMakeFiles/cmTC_9c7bb.dir/build
make[1]: se entra en el directorio '/home/dn-01/Escritorio/Algoritmo y Estructura de datos II/Trabajos Prácticos/TP3/TP3 REPOSITORIO/TP3/cmake-build-debug/CMakeFiles/CMakeTmp'
Building C object CMakeFiles/cmTC_9c7bb.dir/CheckFunctionExists.c.o
/usr/bin/cc   -DCHECK_FUNCTION_EXISTS=pthread_create   -o CMakeFiles/cmTC_9c7bb.dir/CheckFunctionExists.c.o   -c /home/dn-01/Escritorio/clion/clion-2017.2.3/bin/cmake/share/cmake-3.8/Modules/CheckFunctionExists.c
Linking C executable cmTC_9c7bb
/home/dn-01/Escritorio/clion/clion-2017.2.3/bin/cmake/bin/cmake -E cmake_link_script CMakeFiles/cmTC_9c7bb.dir/link.txt --verbose=1
/usr/bin/cc  -DCHECK_FUNCTION_EXISTS=pthread_create    -rdynamic CMakeFiles/cmTC_9c7bb.dir/CheckFunctionExists.c.o  -o cmTC_9c7bb -lpthreads 
/usr/bin/ld: no se puede encontrar -lpthreads
collect2: error: ld returned 1 exit status
CMakeFiles/cmTC_9c7bb.dir/build.make:97: fallo en las instrucciones para el objetivo 'cmTC_9c7bb'
make[1]: *** [cmTC_9c7bb] Error 1
make[1]: se sale del directorio '/home/dn-01/Escritorio/Algoritmo y Estructura de datos II/Trabajos Prácticos/TP3/TP3 REPOSITORIO/TP3/cmake-build-debug/CMakeFiles/CMakeTmp'
Makefile:126: fallo en las instrucciones para el objetivo 'cmTC_9c7bb/fast'
make: *** [cmTC_9c7bb/fast] Error 2


